Using pre-set license
Built from '2021.3/staging' branch; Version is '2021.3.11f1 (0a5ca18544bf) revision 679073'; Using compiler version '192829333'; Build Type 'Release'
OS: 'Windows 10  (10.0.19044) 64bit Professional' Language: 'en' Physical Memory: 16244 MB
BatchMode: 1, IsHumanControllingUs: 0, StartBugReporterOnCrash: 0, Is64bit: 1, IsPro: 1

COMMAND LINE ARGUMENTS:
D:\Unity\2021.3.11f1\Editor\Unity.exe
-adb2
-batchMode
-noUpm
-name
AssetImportWorker0
-projectPath
D:/gif/VirtualPisa/VirtualPisa1
-logFile
Logs/AssetImportWorker0.log
-srvPort
6137
Successfully changed project path to: D:/gif/VirtualPisa/VirtualPisa1
D:/gif/VirtualPisa/VirtualPisa1
[UnityMemory] Configuration Parameters - Can be set up in boot.config
    "memorysetup-bucket-allocator-granularity=16"
    "memorysetup-bucket-allocator-bucket-count=8"
    "memorysetup-bucket-allocator-block-size=33554432"
    "memorysetup-bucket-allocator-block-count=8"
    "memorysetup-main-allocator-block-size=16777216"
    "memorysetup-thread-allocator-block-size=16777216"
    "memorysetup-gfx-main-allocator-block-size=16777216"
    "memorysetup-gfx-thread-allocator-block-size=16777216"
    "memorysetup-cache-allocator-block-size=4194304"
    "memorysetup-typetree-allocator-block-size=2097152"
    "memorysetup-profiler-bucket-allocator-granularity=16"
    "memorysetup-profiler-bucket-allocator-bucket-count=8"
    "memorysetup-profiler-bucket-allocator-block-size=33554432"
    "memorysetup-profiler-bucket-allocator-block-count=8"
    "memorysetup-profiler-allocator-block-size=16777216"
    "memorysetup-profiler-editor-allocator-block-size=1048576"
    "memorysetup-temp-allocator-size-main=16777216"
    "memorysetup-job-temp-allocator-block-size=2097152"
    "memorysetup-job-temp-allocator-block-size-background=1048576"
    "memorysetup-job-temp-allocator-reduction-small-platforms=262144"
    "memorysetup-temp-allocator-size-background-worker=32768"
    "memorysetup-temp-allocator-size-job-worker=262144"
    "memorysetup-temp-allocator-size-preload-manager=33554432"
    "memorysetup-temp-allocator-size-nav-mesh-worker=65536"
    "memorysetup-temp-allocator-size-audio-worker=65536"
    "memorysetup-temp-allocator-size-cloud-worker=32768"
    "memorysetup-temp-allocator-size-gi-baking-worker=262144"
    "memorysetup-temp-allocator-size-gfx=262144"
Refreshing native plugins compatible for Editor in 43.65 ms, found 2 plugins.
Preloading 0 native plugins for Editor in 0.00 ms.
Initialize engine version: 2021.3.11f1 (0a5ca18544bf)
[Subsystems] Discovering subsystems at path D:/Unity/2021.3.11f1/Editor/Data/Resources/UnitySubsystems
[Subsystems] Discovering subsystems at path D:/gif/VirtualPisa/VirtualPisa1/Assets
GfxDevice: creating device client; threaded=0; jobified=0
Direct3D:
    Version:  Direct3D 11.0 [level 11.1]
    Renderer: NVIDIA GeForce GTX 1060 (ID=0x1c20)
    Vendor:   NVIDIA
    VRAM:     6043 MB
    Driver:   31.0.15.2802
Initialize mono
Mono path[0] = 'D:/Unity/2021.3.11f1/Editor/Data/Managed'
Mono path[1] = 'D:/Unity/2021.3.11f1/Editor/Data/MonoBleedingEdge/lib/mono/unityjit-win32'
Mono config path = 'D:/Unity/2021.3.11f1/Editor/Data/MonoBleedingEdge/etc'
Using monoOptions --debugger-agent=transport=dt_socket,embedding=1,server=y,suspend=n,address=127.0.0.1:56748
Begin MonoManager ReloadAssembly
Registering precompiled unity dll's ...
Register platform support module: D:/Unity/2021.3.11f1/Editor/Data/PlaybackEngines/AndroidPlayer/UnityEditor.Android.Extensions.dll
Register platform support module: D:/Unity/2021.3.11f1/Editor/Data/PlaybackEngines/WindowsStandaloneSupport/UnityEditor.WindowsStandalone.Extensions.dll
Registered in 0.006827 seconds.
Native extension for WindowsStandalone target not found
Native extension for Android target not found
Refreshing native plugins compatible for Editor in 44.78 ms, found 2 plugins.
Preloading 0 native plugins for Editor in 0.00 ms.
Mono: successfully reloaded assembly
- Completed reload, in  0.807 seconds
Domain Reload Profiling:
	ReloadAssembly (808ms)
		BeginReloadAssembly (92ms)
			ExecutionOrderSort (0ms)
			DisableScriptedObjects (0ms)
			BackupInstance (0ms)
			ReleaseScriptingObjects (0ms)
			CreateAndSetChildDomain (1ms)
		EndReloadAssembly (571ms)
			LoadAssemblies (89ms)
			RebuildTransferFunctionScriptingTraits (0ms)
			SetupTypeCache (143ms)
			ReleaseScriptCaches (0ms)
			RebuildScriptCaches (38ms)
			SetupLoadedEditorAssemblies (323ms)
				LogAssemblyErrors (0ms)
				InitializePlatformSupportModulesInManaged (75ms)
				SetLoadedEditorAssemblies (0ms)
				RefreshPlugins (45ms)
				BeforeProcessingInitializeOnLoad (2ms)
				ProcessInitializeOnLoadAttributes (136ms)
				ProcessInitializeOnLoadMethodAttributes (64ms)
				AfterProcessingInitializeOnLoad (0ms)
				EditorAssembliesLoaded (0ms)
			ExecutionOrderSort2 (0ms)
			AwakeInstancesAfterBackupRestoration (0ms)
Platform modules already initialized, skipping
Registering precompiled user dll's ...
Registered in 0.004976 seconds.
Begin MonoManager ReloadAssembly
Native extension for WindowsStandalone target not found
Native extension for Android target not found
Refreshing native plugins compatible for Editor in 0.45 ms, found 2 plugins.
Preloading 0 native plugins for Editor in 0.00 ms.
Mono: successfully reloaded assembly
- Completed reload, in  1.470 seconds
Domain Reload Profiling:
	ReloadAssembly (1471ms)
		BeginReloadAssembly (273ms)
			ExecutionOrderSort (0ms)
			DisableScriptedObjects (9ms)
			BackupInstance (0ms)
			ReleaseScriptingObjects (0ms)
			CreateAndSetChildDomain (137ms)
		EndReloadAssembly (1058ms)
			LoadAssemblies (103ms)
			RebuildTransferFunctionScriptingTraits (0ms)
			SetupTypeCache (285ms)
			ReleaseScriptCaches (1ms)
			RebuildScriptCaches (80ms)
			SetupLoadedEditorAssemblies (521ms)
				LogAssemblyErrors (0ms)
				InitializePlatformSupportModulesInManaged (31ms)
				SetLoadedEditorAssemblies (1ms)
				RefreshPlugins (1ms)
				BeforeProcessingInitializeOnLoad (74ms)
				ProcessInitializeOnLoadAttributes (364ms)
				ProcessInitializeOnLoadMethodAttributes (43ms)
				AfterProcessingInitializeOnLoad (7ms)
				EditorAssembliesLoaded (0ms)
			ExecutionOrderSort2 (0ms)
			AwakeInstancesAfterBackupRestoration (12ms)
Platform modules already initialized, skipping
========================================================================
Worker process is ready to serve import requests
Launched and connected shader compiler UnityShaderCompiler.exe after 0.07 seconds
Refreshing native plugins compatible for Editor in 0.46 ms, found 2 plugins.
Preloading 0 native plugins for Editor in 0.00 ms.
Unloading 1737 Unused Serialized files (Serialized files now loaded: 0)
Unloading 19 unused Assets / (48.5 KB). Loaded Objects now: 2205.
Memory consumption went from 75.8 MB to 75.7 MB.
Total: 3.415900 ms (FindLiveObjects: 0.179700 ms CreateObjectMapping: 0.075900 ms MarkObjects: 3.037900 ms  DeleteObjects: 0.121400 ms)

AssetImportParameters requested are different than current active one (requested -> active):
  custom:video-decoder-ogg-theora: a1e56fd34408186e4bbccfd4996cb3dc -> 
  custom:container-muxer-webm: aa71ff27fc2769a1b78a27578f13a17b -> 
  custom:container-demuxer-webm: 4f35f7cbe854078d1ac9338744f61a02 -> 
  custom:video-encoder-webm-vp8: eb34c28f22e8b96e1ab97ce403110664 -> 
  custom:audio-encoder-webm-vorbis: bf7c407c2cedff20999df2af8eb42d56 -> 
  custom:framework-win-MediaFoundation: 216162199b28c13a410421893ffa2e32 -> 
  custom:container-demuxer-ogg: 62fdf1f143b41e24485cea50d1cbac27 -> 
  custom:video-decoder-webm-vp8: 9c59270c3fd7afecdb556c50c9e8de78 -> 
  custom:audio-decoder-ogg-vorbis: bf7c407c2cedff20999df2af8eb42d56 -> 
========================================================================
Received Import Request.
  Time since last request: 3302.511416 seconds.
  path: Assets/3.obj
  artifactKey: Guid(184500ed959cbeb479b3c49a33a53fd1) Importer(815301076,1909f56bfc062723c751e8b465ee728b)
Start importing Assets/3.obj using Guid(184500ed959cbeb479b3c49a33a53fd1) Importer(815301076,1909f56bfc062723c751e8b465ee728b)  -> (artifact id: '10e28ccceb934a913f424ae054431675') in 0.218385 seconds 
========================================================================
Received Import Request.
  Time since last request: 0.000021 seconds.
  path: Assets/2.obj
  artifactKey: Guid(a4d6f0af8dc49e24c8f0209b0610af3b) Importer(815301076,1909f56bfc062723c751e8b465ee728b)
Start importing Assets/2.obj using Guid(a4d6f0af8dc49e24c8f0209b0610af3b) Importer(815301076,1909f56bfc062723c751e8b465ee728b)  -> (artifact id: '962597544375bfe7e195419305a619a2') in 0.032493 seconds 
========================================================================
Received Import Request.
  Time since last request: 0.000030 seconds.
  path: Assets/4.obj
  artifactKey: Guid(6a4d360f3ffb6c54faf29f34801aeb5f) Importer(815301076,1909f56bfc062723c751e8b465ee728b)
Start importing Assets/4.obj using Guid(6a4d360f3ffb6c54faf29f34801aeb5f) Importer(815301076,1909f56bfc062723c751e8b465ee728b)  -> (artifact id: '62c8144cfdee6b0ed3ae62ae74123172') in 0.026363 seconds 
========================================================================
Received Import Request.
  Time since last request: 0.000018 seconds.
  path: Assets/Cube11.png
  artifactKey: Guid(a25750025866c32429100675397a4cf5) Importer(815301076,1909f56bfc062723c751e8b465ee728b)
Start importing Assets/Cube11.png using Guid(a25750025866c32429100675397a4cf5) Importer(815301076,1909f56bfc062723c751e8b465ee728b)  -> (artifact id: 'd3da1770160702ffb2a6033b77726417') in 0.058524 seconds 
========================================================================
Received Import Request.
  Time since last request: 0.000018 seconds.
  path: Assets/cube22.png
  artifactKey: Guid(d86e5f5ec447e734d9087a545a23d355) Importer(815301076,1909f56bfc062723c751e8b465ee728b)
Start importing Assets/cube22.png using Guid(d86e5f5ec447e734d9087a545a23d355) Importer(815301076,1909f56bfc062723c751e8b465ee728b)  -> (artifact id: '314fc050cc536e202f0366347496bfad') in 0.028391 seconds 
========================================================================
Received Import Request.
  Time since last request: 0.000018 seconds.
  path: Assets/1.obj
  artifactKey: Guid(ab526166a1f94c643909931d5295cca3) Importer(815301076,1909f56bfc062723c751e8b465ee728b)
Start importing Assets/1.obj using Guid(ab526166a1f94c643909931d5295cca3) Importer(815301076,1909f56bfc062723c751e8b465ee728b)  -> (artifact id: '8d2a1006077789e85224e2a2135e0d38') in 0.029195 seconds 
========================================================================
Received Import Request.
  Time since last request: 38.618938 seconds.
  path: Assets/Prefabs/DefaultMidAirIndicator.prefab
  artifactKey: Guid(6ed872ed5b9c1304ba138ca471fb46bd) Importer(815301076,1909f56bfc062723c751e8b465ee728b)
Start importing Assets/Prefabs/DefaultMidAirIndicator.prefab using Guid(6ed872ed5b9c1304ba138ca471fb46bd) Importer(815301076,1909f56bfc062723c751e8b465ee728b)  -> (artifact id: '4ba81f7dbcf0e7cdb55150f917653c11') in 0.013822 seconds 
========================================================================
Received Import Request.
  Time since last request: 0.000024 seconds.
  path: Assets/Prefabs/GroundPlaneReference.prefab
  artifactKey: Guid(8ebb3ebf6cb765349b3529c2ffbb96d5) Importer(815301076,1909f56bfc062723c751e8b465ee728b)
Start importing Assets/Prefabs/GroundPlaneReference.prefab using Guid(8ebb3ebf6cb765349b3529c2ffbb96d5) Importer(815301076,1909f56bfc062723c751e8b465ee728b)  -> (artifact id: 'd6dd58f39481c16c18124d2f5a42600f') in 0.010315 seconds 
========================================================================
Received Import Request.
  Time since last request: 0.000044 seconds.
  path: Assets/Prefabs/DefaultPlaneIndicator.prefab
  artifactKey: Guid(b125abd8f625b6345b7cfc87cb39c4de) Importer(815301076,1909f56bfc062723c751e8b465ee728b)
Start importing Assets/Prefabs/DefaultPlaneIndicator.prefab using Guid(b125abd8f625b6345b7cfc87cb39c4de) Importer(815301076,1909f56bfc062723c751e8b465ee728b)  -> (artifact id: 'acfe5d3982b9eae0b3825f2ba0270d33') in 0.010771 seconds 
========================================================================
Received Import Request.
  Time since last request: 0.000029 seconds.
  path: Assets/Prefabs/MidAirReference.prefab
  artifactKey: Guid(198321885b44e4446b9f35fc18d157bc) Importer(815301076,1909f56bfc062723c751e8b465ee728b)
Start importing Assets/Prefabs/MidAirReference.prefab using Guid(198321885b44e4446b9f35fc18d157bc) Importer(815301076,1909f56bfc062723c751e8b465ee728b)  -> (artifact id: '89971f4d031ebd7a475ad15b493d70d3') in 0.013912 seconds 
========================================================================
Received Prepare
Registering precompiled user dll's ...
Registered in 0.005042 seconds.
Begin MonoManager ReloadAssembly
Native extension for WindowsStandalone target not found
Native extension for Android target not found
Refreshing native plugins compatible for Editor in 0.47 ms, found 2 plugins.
Preloading 0 native plugins for Editor in 0.00 ms.
Mono: successfully reloaded assembly
- Completed reload, in  1.381 seconds
Domain Reload Profiling:
	ReloadAssembly (1382ms)
		BeginReloadAssembly (151ms)
			ExecutionOrderSort (0ms)
			DisableScriptedObjects (6ms)
			BackupInstance (0ms)
			ReleaseScriptingObjects (0ms)
			CreateAndSetChildDomain (42ms)
		EndReloadAssembly (1102ms)
			LoadAssemblies (92ms)
			RebuildTransferFunctionScriptingTraits (0ms)
			SetupTypeCache (249ms)
			ReleaseScriptCaches (1ms)
			RebuildScriptCaches (59ms)
			SetupLoadedEditorAssemblies (635ms)
				LogAssemblyErrors (0ms)
				InitializePlatformSupportModulesInManaged (30ms)
				SetLoadedEditorAssemblies (1ms)
				RefreshPlugins (1ms)
				BeforeProcessingInitializeOnLoad (70ms)
				ProcessInitializeOnLoadAttributes (456ms)
				ProcessInitializeOnLoadMethodAttributes (66ms)
				AfterProcessingInitializeOnLoad (10ms)
				EditorAssembliesLoaded (0ms)
			ExecutionOrderSort2 (0ms)
			AwakeInstancesAfterBackupRestoration (11ms)
Platform modules already initialized, skipping
Refreshing native plugins compatible for Editor in 1.99 ms, found 2 plugins.
Preloading 0 native plugins for Editor in 0.00 ms.
Unloading 1719 Unused Serialized files (Serialized files now loaded: 0)
Unloading 12 unused Assets / (31.7 KB). Loaded Objects now: 2255.
Memory consumption went from 78.7 MB to 78.7 MB.
Total: 4.064600 ms (FindLiveObjects: 0.214800 ms CreateObjectMapping: 0.122200 ms MarkObjects: 3.700300 ms  DeleteObjects: 0.025800 ms)

AssetImportParameters requested are different than current active one (requested -> active):
  custom:video-decoder-ogg-theora: a1e56fd34408186e4bbccfd4996cb3dc -> 
  custom:container-muxer-webm: aa71ff27fc2769a1b78a27578f13a17b -> 
  custom:container-demuxer-webm: 4f35f7cbe854078d1ac9338744f61a02 -> 
  custom:video-encoder-webm-vp8: eb34c28f22e8b96e1ab97ce403110664 -> 
  custom:audio-encoder-webm-vorbis: bf7c407c2cedff20999df2af8eb42d56 -> 
  custom:framework-win-MediaFoundation: 216162199b28c13a410421893ffa2e32 -> 
  custom:container-demuxer-ogg: 62fdf1f143b41e24485cea50d1cbac27 -> 
  custom:video-decoder-webm-vp8: 9c59270c3fd7afecdb556c50c9e8de78 -> 
  custom:audio-decoder-ogg-vorbis: bf7c407c2cedff20999df2af8eb42d56 -> 
========================================================================
Received Import Request.
  Time since last request: 95.069666 seconds.
  path: Assets/sprites 1/Change_Relationships/perehodmodul2.cs
  artifactKey: Guid(e2f058aa6489c2a4dad53f114f950579) Importer(815301076,1909f56bfc062723c751e8b465ee728b)
Start importing Assets/sprites 1/Change_Relationships/perehodmodul2.cs using Guid(e2f058aa6489c2a4dad53f114f950579) Importer(815301076,1909f56bfc062723c751e8b465ee728b)  -> (artifact id: '2d67894d553b0a89ea8941786be77591') in 0.016083 seconds 
========================================================================
Received Import Request.
  Time since last request: 46.794601 seconds.
  path: Assets/sprites 1/Menu/perehodMain.cs
  artifactKey: Guid(da0c261634c33cf449f8f073c3f9cfff) Importer(815301076,1909f56bfc062723c751e8b465ee728b)
Start importing Assets/sprites 1/Menu/perehodMain.cs using Guid(da0c261634c33cf449f8f073c3f9cfff) Importer(815301076,1909f56bfc062723c751e8b465ee728b)  -> (artifact id: 'e5ada117237a5c38ee0165d523a2edd4') in 0.061653 seconds 
========================================================================
Received Import Request.
  Time since last request: 1.682161 seconds.
  path: Assets/sprites 1/Menu/2.unity
  artifactKey: Guid(5ece158025bb1724cb51d3c9cfce78c7) Importer(815301076,1909f56bfc062723c751e8b465ee728b)
Start importing Assets/sprites 1/Menu/2.unity using Guid(5ece158025bb1724cb51d3c9cfce78c7) Importer(815301076,1909f56bfc062723c751e8b465ee728b)  -> (artifact id: '381f0b9785852cfe7b6eeac1ba59ce51') in 0.067856 seconds 
========================================================================
Received Prepare
Registering precompiled user dll's ...
Registered in 0.003803 seconds.
Begin MonoManager ReloadAssembly
Native extension for WindowsStandalone target not found
Native extension for Android target not found
Refreshing native plugins compatible for Editor in 0.41 ms, found 2 plugins.
Preloading 0 native plugins for Editor in 0.00 ms.
Mono: successfully reloaded assembly
- Completed reload, in  1.330 seconds
Domain Reload Profiling:
	ReloadAssembly (1332ms)
		BeginReloadAssembly (243ms)
			ExecutionOrderSort (0ms)
			DisableScriptedObjects (8ms)
			BackupInstance (0ms)
			ReleaseScriptingObjects (0ms)
			CreateAndSetChildDomain (79ms)
		EndReloadAssembly (945ms)
			LoadAssemblies (138ms)
			RebuildTransferFunctionScriptingTraits (0ms)
			SetupTypeCache (243ms)
			ReleaseScriptCaches (1ms)
			RebuildScriptCaches (67ms)
			SetupLoadedEditorAssemblies (470ms)
				LogAssemblyErrors (0ms)
				InitializePlatformSupportModulesInManaged (32ms)
				SetLoadedEditorAssemblies (1ms)
				RefreshPlugins (1ms)
				BeforeProcessingInitializeOnLoad (79ms)
				ProcessInitializeOnLoadAttributes (307ms)
				ProcessInitializeOnLoadMethodAttributes (45ms)
				AfterProcessingInitializeOnLoad (7ms)
				EditorAssembliesLoaded (1ms)
			ExecutionOrderSort2 (0ms)
			AwakeInstancesAfterBackupRestoration (11ms)
Platform modules already initialized, skipping
Refreshing native plugins compatible for Editor in 2.18 ms, found 2 plugins.
Preloading 0 native plugins for Editor in 0.00 ms.
Unloading 1719 Unused Serialized files (Serialized files now loaded: 0)
Unloading 12 unused Assets / (31.8 KB). Loaded Objects now: 2258.
Memory consumption went from 78.7 MB to 78.7 MB.
Total: 3.813600 ms (FindLiveObjects: 0.237400 ms CreateObjectMapping: 0.169700 ms MarkObjects: 3.368200 ms  DeleteObjects: 0.036800 ms)

AssetImportParameters requested are different than current active one (requested -> active):
  custom:video-decoder-ogg-theora: a1e56fd34408186e4bbccfd4996cb3dc -> 
  custom:container-muxer-webm: aa71ff27fc2769a1b78a27578f13a17b -> 
  custom:container-demuxer-webm: 4f35f7cbe854078d1ac9338744f61a02 -> 
  custom:video-encoder-webm-vp8: eb34c28f22e8b96e1ab97ce403110664 -> 
  custom:audio-encoder-webm-vorbis: bf7c407c2cedff20999df2af8eb42d56 -> 
  custom:framework-win-MediaFoundation: 216162199b28c13a410421893ffa2e32 -> 
  custom:container-demuxer-ogg: 62fdf1f143b41e24485cea50d1cbac27 -> 
  custom:video-decoder-webm-vp8: 9c59270c3fd7afecdb556c50c9e8de78 -> 
  custom:audio-decoder-ogg-vorbis: bf7c407c2cedff20999df2af8eb42d56 -> 
========================================================================
Received Import Request.
  Time since last request: 128.834219 seconds.
  path: Assets/sprites 1/Quantity/perehodmodul4.cs
  artifactKey: Guid(3066cf115d57a6d4286c26519d760007) Importer(815301076,1909f56bfc062723c751e8b465ee728b)
Start importing Assets/sprites 1/Quantity/perehodmodul4.cs using Guid(3066cf115d57a6d4286c26519d760007) Importer(815301076,1909f56bfc062723c751e8b465ee728b)  -> (artifact id: 'e80d4e400ccccfafea24c03f905bdd6b') in 0.016004 seconds 
========================================================================
Received Import Request.
  Time since last request: 6.780872 seconds.
  path: Assets/sprites 1/Quantity/Choose/0005-005-Srednee-arifmeticheskoe-rjada-chisel 1.png
  artifactKey: Guid(606fb104fdc0a594bb6875f986769d3f) Importer(815301076,1909f56bfc062723c751e8b465ee728b)
Start importing Assets/sprites 1/Quantity/Choose/0005-005-Srednee-arifmeticheskoe-rjada-chisel 1.png using Guid(606fb104fdc0a594bb6875f986769d3f) Importer(815301076,1909f56bfc062723c751e8b465ee728b)  -> (artifact id: '60a8b627037e450afa849ff28184d003') in 0.088539 seconds 
========================================================================
Received Import Request.
  Time since last request: 0.000027 seconds.
  path: Assets/sprites 1/Quantity/Choose/Формула.png
  artifactKey: Guid(0ad39aa37db132c47a77ece72afaa00a) Importer(815301076,1909f56bfc062723c751e8b465ee728b)
Start importing Assets/sprites 1/Quantity/Choose/Формула.png using Guid(0ad39aa37db132c47a77ece72afaa00a) Importer(815301076,1909f56bfc062723c751e8b465ee728b)  -> (artifact id: '2a7a6684445680478ccd5cb67b90246b') in 0.042265 seconds 
========================================================================
Received Import Request.
  Time since last request: 0.762891 seconds.
  path: Assets/sprites 1/Quantity/Choose/Выбор.unity
  artifactKey: Guid(a02b7373d9083f64688ee84a078ac37d) Importer(815301076,1909f56bfc062723c751e8b465ee728b)
Start importing Assets/sprites 1/Quantity/Choose/Выбор.unity using Guid(a02b7373d9083f64688ee84a078ac37d) Importer(815301076,1909f56bfc062723c751e8b465ee728b)  -> (artifact id: '05c27c815cfdb5b66d6ea2b326c7122b') in 0.001786 seconds 
========================================================================
Received Import Request.
  Time since last request: 1.132712 seconds.
  path: Assets/sprites 1/Quantity/Choose/Choose.unity
  artifactKey: Guid(a02b7373d9083f64688ee84a078ac37d) Importer(815301076,1909f56bfc062723c751e8b465ee728b)
Start importing Assets/sprites 1/Quantity/Choose/Choose.unity using Guid(a02b7373d9083f64688ee84a078ac37d) Importer(815301076,1909f56bfc062723c751e8b465ee728b)  -> (artifact id: 'e326a8aa15e3a13fdbc9a2c8cd433c8b') in 0.001969 seconds 
========================================================================
Received Import Request.
  Time since last request: 4.457687 seconds.
  path: Assets/sprites 1/Quantity/Choose/formula.png
  artifactKey: Guid(0ad39aa37db132c47a77ece72afaa00a) Importer(815301076,1909f56bfc062723c751e8b465ee728b)
Start importing Assets/sprites 1/Quantity/Choose/formula.png using Guid(0ad39aa37db132c47a77ece72afaa00a) Importer(815301076,1909f56bfc062723c751e8b465ee728b)  -> (artifact id: 'c6788dbabf0efec9ce00e51a325955ed') in 0.111619 seconds 
========================================================================
Received Prepare
Registering precompiled user dll's ...
Registered in 0.004010 seconds.
Begin MonoManager ReloadAssembly
Native extension for WindowsStandalone target not found
Native extension for Android target not found
Refreshing native plugins compatible for Editor in 0.46 ms, found 2 plugins.
Preloading 0 native plugins for Editor in 0.00 ms.
Mono: successfully reloaded assembly
- Completed reload, in  1.194 seconds
Domain Reload Profiling:
	ReloadAssembly (1195ms)
		BeginReloadAssembly (165ms)
			ExecutionOrderSort (0ms)
			DisableScriptedObjects (22ms)
			BackupInstance (0ms)
			ReleaseScriptingObjects (0ms)
			CreateAndSetChildDomain (40ms)
		EndReloadAssembly (896ms)
			LoadAssemblies (93ms)
			RebuildTransferFunctionScriptingTraits (0ms)
			SetupTypeCache (270ms)
			ReleaseScriptCaches (1ms)
			RebuildScriptCaches (63ms)
			SetupLoadedEditorAssemblies (424ms)
				LogAssemblyErrors (0ms)
				InitializePlatformSupportModulesInManaged (29ms)
				SetLoadedEditorAssemblies (1ms)
				RefreshPlugins (1ms)
				BeforeProcessingInitializeOnLoad (71ms)
				ProcessInitializeOnLoadAttributes (278ms)
				ProcessInitializeOnLoadMethodAttributes (35ms)
				AfterProcessingInitializeOnLoad (8ms)
				EditorAssembliesLoaded (0ms)
			ExecutionOrderSort2 (0ms)
			AwakeInstancesAfterBackupRestoration (8ms)
Platform modules already initialized, skipping
Refreshing native plugins compatible for Editor in 1.44 ms, found 2 plugins.
Preloading 0 native plugins for Editor in 0.00 ms.
Unloading 1719 Unused Serialized files (Serialized files now loaded: 0)
Unloading 12 unused Assets / (31.8 KB). Loaded Objects now: 2267.
Memory consumption went from 78.8 MB to 78.7 MB.
Total: 3.122800 ms (FindLiveObjects: 0.273600 ms CreateObjectMapping: 0.060400 ms MarkObjects: 2.750000 ms  DeleteObjects: 0.037400 ms)

AssetImportParameters requested are different than current active one (requested -> active):
  custom:video-decoder-ogg-theora: a1e56fd34408186e4bbccfd4996cb3dc -> 
  custom:container-muxer-webm: aa71ff27fc2769a1b78a27578f13a17b -> 
  custom:container-demuxer-webm: 4f35f7cbe854078d1ac9338744f61a02 -> 
  custom:video-encoder-webm-vp8: eb34c28f22e8b96e1ab97ce403110664 -> 
  custom:audio-encoder-webm-vorbis: bf7c407c2cedff20999df2af8eb42d56 -> 
  custom:framework-win-MediaFoundation: 216162199b28c13a410421893ffa2e32 -> 
  custom:container-demuxer-ogg: 62fdf1f143b41e24485cea50d1cbac27 -> 
  custom:video-decoder-webm-vp8: 9c59270c3fd7afecdb556c50c9e8de78 -> 
  custom:audio-decoder-ogg-vorbis: bf7c407c2cedff20999df2af8eb42d56 -> 
========================================================================
Received Import Request.
  Time since last request: 99.734917 seconds.
  path: Assets/sprites 1/Shape_Space/perehodmodul1.cs
  artifactKey: Guid(fa8a76be72f8ab14d8b55f81f9653bf1) Importer(815301076,1909f56bfc062723c751e8b465ee728b)
Start importing Assets/sprites 1/Shape_Space/perehodmodul1.cs using Guid(fa8a76be72f8ab14d8b55f81f9653bf1) Importer(815301076,1909f56bfc062723c751e8b465ee728b)  -> (artifact id: '110f7e8fded1c5a058501b82e2628ee7') in 0.026364 seconds 
========================================================================
Received Prepare
Registering precompiled user dll's ...
Registered in 0.006251 seconds.
Begin MonoManager ReloadAssembly
Native extension for WindowsStandalone target not found
Native extension for Android target not found
Refreshing native plugins compatible for Editor in 0.51 ms, found 2 plugins.
Preloading 0 native plugins for Editor in 0.00 ms.
Mono: successfully reloaded assembly
- Completed reload, in  1.235 seconds
Domain Reload Profiling:
	ReloadAssembly (1237ms)
		BeginReloadAssembly (162ms)
			ExecutionOrderSort (0ms)
			DisableScriptedObjects (10ms)
			BackupInstance (0ms)
			ReleaseScriptingObjects (0ms)
			CreateAndSetChildDomain (42ms)
		EndReloadAssembly (933ms)
			LoadAssemblies (94ms)
			RebuildTransferFunctionScriptingTraits (0ms)
			SetupTypeCache (279ms)
			ReleaseScriptCaches (3ms)
			RebuildScriptCaches (61ms)
			SetupLoadedEditorAssemblies (430ms)
				LogAssemblyErrors (0ms)
				InitializePlatformSupportModulesInManaged (28ms)
				SetLoadedEditorAssemblies (1ms)
				RefreshPlugins (1ms)
				BeforeProcessingInitializeOnLoad (74ms)
				ProcessInitializeOnLoadAttributes (282ms)
				ProcessInitializeOnLoadMethodAttributes (37ms)
				AfterProcessingInitializeOnLoad (8ms)
				EditorAssembliesLoaded (0ms)
			ExecutionOrderSort2 (0ms)
			AwakeInstancesAfterBackupRestoration (8ms)
Platform modules already initialized, skipping
Refreshing native plugins compatible for Editor in 1.77 ms, found 2 plugins.
Preloading 0 native plugins for Editor in 0.00 ms.
Unloading 1719 Unused Serialized files (Serialized files now loaded: 0)
Unloading 12 unused Assets / (31.7 KB). Loaded Objects now: 2270.
Memory consumption went from 78.8 MB to 78.7 MB.
Total: 3.313200 ms (FindLiveObjects: 0.149400 ms CreateObjectMapping: 0.059200 ms MarkObjects: 3.055500 ms  DeleteObjects: 0.047600 ms)

AssetImportParameters requested are different than current active one (requested -> active):
  custom:video-decoder-ogg-theora: a1e56fd34408186e4bbccfd4996cb3dc -> 
  custom:container-muxer-webm: aa71ff27fc2769a1b78a27578f13a17b -> 
  custom:container-demuxer-webm: 4f35f7cbe854078d1ac9338744f61a02 -> 
  custom:video-encoder-webm-vp8: eb34c28f22e8b96e1ab97ce403110664 -> 
  custom:audio-encoder-webm-vorbis: bf7c407c2cedff20999df2af8eb42d56 -> 
  custom:framework-win-MediaFoundation: 216162199b28c13a410421893ffa2e32 -> 
  custom:container-demuxer-ogg: 62fdf1f143b41e24485cea50d1cbac27 -> 
  custom:video-decoder-webm-vp8: 9c59270c3fd7afecdb556c50c9e8de78 -> 
  custom:audio-decoder-ogg-vorbis: bf7c407c2cedff20999df2af8eb42d56 -> 
========================================================================
Received Import Request.
  Time since last request: 77.564345 seconds.
  path: Assets/sprites 1/Uncertainty_Data/perehodmodul3.cs
  artifactKey: Guid(f3281e14bf4b40b45b7a66748b587fe2) Importer(815301076,1909f56bfc062723c751e8b465ee728b)
Start importing Assets/sprites 1/Uncertainty_Data/perehodmodul3.cs using Guid(f3281e14bf4b40b45b7a66748b587fe2) Importer(815301076,1909f56bfc062723c751e8b465ee728b)  -> (artifact id: 'e0457323c9bd86569ac20c2319bef057') in 0.006183 seconds 
========================================================================
Received Prepare
Registering precompiled user dll's ...
Registered in 0.005863 seconds.
Begin MonoManager ReloadAssembly
Native extension for WindowsStandalone target not found
Native extension for Android target not found
Refreshing native plugins compatible for Editor in 0.44 ms, found 2 plugins.
Preloading 0 native plugins for Editor in 0.00 ms.
Mono: successfully reloaded assembly
- Completed reload, in  1.141 seconds
Domain Reload Profiling:
	ReloadAssembly (1142ms)
		BeginReloadAssembly (151ms)
			ExecutionOrderSort (0ms)
			DisableScriptedObjects (8ms)
			BackupInstance (0ms)
			ReleaseScriptingObjects (0ms)
			CreateAndSetChildDomain (38ms)
		EndReloadAssembly (864ms)
			LoadAssemblies (92ms)
			RebuildTransferFunctionScriptingTraits (0ms)
			SetupTypeCache (253ms)
			ReleaseScriptCaches (1ms)
			RebuildScriptCaches (57ms)
			SetupLoadedEditorAssemblies (406ms)
				LogAssemblyErrors (0ms)
				InitializePlatformSupportModulesInManaged (28ms)
				SetLoadedEditorAssemblies (1ms)
				RefreshPlugins (1ms)
				BeforeProcessingInitializeOnLoad (71ms)
				ProcessInitializeOnLoadAttributes (262ms)
				ProcessInitializeOnLoadMethodAttributes (36ms)
				AfterProcessingInitializeOnLoad (7ms)
				EditorAssembliesLoaded (0ms)
			ExecutionOrderSort2 (0ms)
			AwakeInstancesAfterBackupRestoration (8ms)
Platform modules already initialized, skipping
Refreshing native plugins compatible for Editor in 1.54 ms, found 2 plugins.
Preloading 0 native plugins for Editor in 0.00 ms.
Unloading 1719 Unused Serialized files (Serialized files now loaded: 0)
Unloading 12 unused Assets / (31.7 KB). Loaded Objects now: 2273.
Memory consumption went from 78.8 MB to 78.7 MB.
Total: 4.854200 ms (FindLiveObjects: 0.151800 ms CreateObjectMapping: 0.075500 ms MarkObjects: 4.547500 ms  DeleteObjects: 0.078000 ms)

AssetImportParameters requested are different than current active one (requested -> active):
  custom:video-decoder-ogg-theora: a1e56fd34408186e4bbccfd4996cb3dc -> 
  custom:container-muxer-webm: aa71ff27fc2769a1b78a27578f13a17b -> 
  custom:container-demuxer-webm: 4f35f7cbe854078d1ac9338744f61a02 -> 
  custom:video-encoder-webm-vp8: eb34c28f22e8b96e1ab97ce403110664 -> 
  custom:audio-encoder-webm-vorbis: bf7c407c2cedff20999df2af8eb42d56 -> 
  custom:framework-win-MediaFoundation: 216162199b28c13a410421893ffa2e32 -> 
  custom:container-demuxer-ogg: 62fdf1f143b41e24485cea50d1cbac27 -> 
  custom:video-decoder-webm-vp8: 9c59270c3fd7afecdb556c50c9e8de78 -> 
  custom:audio-decoder-ogg-vorbis: bf7c407c2cedff20999df2af8eb42d56 -> 
========================================================================
Received Import Request.
  Time since last request: 92.107025 seconds.
  path: Assets/sprites 1/Change_Relationships/Apple_trees/task18.cs
  artifactKey: Guid(6c4ac52700d81ae48b0a36991c932d28) Importer(815301076,1909f56bfc062723c751e8b465ee728b)
Start importing Assets/sprites 1/Change_Relationships/Apple_trees/task18.cs using Guid(6c4ac52700d81ae48b0a36991c932d28) Importer(815301076,1909f56bfc062723c751e8b465ee728b)  -> (artifact id: 'c9d75c5a83545598f006262552f1d1c6') in 0.005294 seconds 
========================================================================
Received Import Request.
  Time since last request: 70.884821 seconds.
  path: Assets/sprites 1/Change_Relationships/Communication_on_the_Internet/task1.cs
  artifactKey: Guid(353f8f2487c7a4349b74b226458f9179) Importer(815301076,1909f56bfc062723c751e8b465ee728b)
Start importing Assets/sprites 1/Change_Relationships/Communication_on_the_Internet/task1.cs using Guid(353f8f2487c7a4349b74b226458f9179) Importer(815301076,1909f56bfc062723c751e8b465ee728b)  -> (artifact id: 'e3cf37d74d1dbfc2f6ade007fd21d0e8') in 0.002556 seconds 
========================================================================
Received Import Request.
  Time since last request: 17.110948 seconds.
  path: Assets/sprites 1/Change_Relationships/Communication_on_the_Internet2/task4.cs
  artifactKey: Guid(db92f8d36e0962e489a0472908dd36a4) Importer(815301076,1909f56bfc062723c751e8b465ee728b)
Start importing Assets/sprites 1/Change_Relationships/Communication_on_the_Internet2/task4.cs using Guid(db92f8d36e0962e489a0472908dd36a4) Importer(815301076,1909f56bfc062723c751e8b465ee728b)  -> (artifact id: '445d8ae7d2a3e075d1b30d5093585fcb') in 0.004385 seconds 
========================================================================
Received Import Request.
  Time since last request: 7.396565 seconds.
  path: Assets/sprites 1/Change_Relationships/Cyclist_Elena/task16.cs
  artifactKey: Guid(d14653602db4e804e9bafff9df7adee2) Importer(815301076,1909f56bfc062723c751e8b465ee728b)
Start importing Assets/sprites 1/Change_Relationships/Cyclist_Elena/task16.cs using Guid(d14653602db4e804e9bafff9df7adee2) Importer(815301076,1909f56bfc062723c751e8b465ee728b)  -> (artifact id: '23317ca27855ebc3f25710d3cfd84858') in 0.002886 seconds 
========================================================================
Received Import Request.
  Time since last request: 4.347269 seconds.
  path: Assets/sprites 1/Change_Relationships/Cyclist_Elena1/task9.cs
  artifactKey: Guid(0b8566c40264d3e4d9bf18c5e78ef374) Importer(815301076,1909f56bfc062723c751e8b465ee728b)
Start importing Assets/sprites 1/Change_Relationships/Cyclist_Elena1/task9.cs using Guid(0b8566c40264d3e4d9bf18c5e78ef374) Importer(815301076,1909f56bfc062723c751e8b465ee728b)  -> (artifact id: 'b9e96dbd1dcf20318389149eca5a9b4a') in 0.002550 seconds 
========================================================================
Received Import Request.
  Time since last request: 4.025900 seconds.
  path: Assets/sprites 1/Change_Relationships/Drop_rate/task12.cs
  artifactKey: Guid(34082df4252a0cb41b06cbe5863e1c55) Importer(815301076,1909f56bfc062723c751e8b465ee728b)
Start importing Assets/sprites 1/Change_Relationships/Drop_rate/task12.cs using Guid(34082df4252a0cb41b06cbe5863e1c55) Importer(815301076,1909f56bfc062723c751e8b465ee728b)  -> (artifact id: 'fe44daabc6de349c964241e9d2ce8333') in 0.001760 seconds 
========================================================================
Received Prepare
Registering precompiled user dll's ...
Registered in 0.004985 seconds.
Begin MonoManager ReloadAssembly
Native extension for WindowsStandalone target not found
Native extension for Android target not found
Refreshing native plugins compatible for Editor in 0.41 ms, found 2 plugins.
Preloading 0 native plugins for Editor in 0.00 ms.
Mono: successfully reloaded assembly
- Completed reload, in  1.564 seconds
Domain Reload Profiling:
	ReloadAssembly (1565ms)
		BeginReloadAssembly (147ms)
			ExecutionOrderSort (0ms)
			DisableScriptedObjects (9ms)
			BackupInstance (0ms)
			ReleaseScriptingObjects (0ms)
			CreateAndSetChildDomain (36ms)
		EndReloadAssembly (1293ms)
			LoadAssemblies (90ms)
			RebuildTransferFunctionScriptingTraits (0ms)
			SetupTypeCache (240ms)
			ReleaseScriptCaches (1ms)
			RebuildScriptCaches (59ms)
			SetupLoadedEditorAssemblies (832ms)
				LogAssemblyErrors (0ms)
				InitializePlatformSupportModulesInManaged (31ms)
				SetLoadedEditorAssemblies (1ms)
				RefreshPlugins (1ms)
				BeforeProcessingInitializeOnLoad (78ms)
				ProcessInitializeOnLoadAttributes (617ms)
				ProcessInitializeOnLoadMethodAttributes (89ms)
				AfterProcessingInitializeOnLoad (15ms)
				EditorAssembliesLoaded (0ms)
			ExecutionOrderSort2 (0ms)
			AwakeInstancesAfterBackupRestoration (16ms)
Platform modules already initialized, skipping
Refreshing native plugins compatible for Editor in 2.81 ms, found 2 plugins.
Preloading 0 native plugins for Editor in 0.00 ms.
Unloading 1719 Unused Serialized files (Serialized files now loaded: 0)
Unloading 12 unused Assets / (31.7 KB). Loaded Objects now: 2276.
Memory consumption went from 78.8 MB to 78.8 MB.
Total: 3.537700 ms (FindLiveObjects: 0.235900 ms CreateObjectMapping: 0.135900 ms MarkObjects: 3.134800 ms  DeleteObjects: 0.029400 ms)

AssetImportParameters requested are different than current active one (requested -> active):
  custom:video-decoder-ogg-theora: a1e56fd34408186e4bbccfd4996cb3dc -> 
  custom:container-muxer-webm: aa71ff27fc2769a1b78a27578f13a17b -> 
  custom:container-demuxer-webm: 4f35f7cbe854078d1ac9338744f61a02 -> 
  custom:video-encoder-webm-vp8: eb34c28f22e8b96e1ab97ce403110664 -> 
  custom:audio-encoder-webm-vorbis: bf7c407c2cedff20999df2af8eb42d56 -> 
  custom:framework-win-MediaFoundation: 216162199b28c13a410421893ffa2e32 -> 
  custom:container-demuxer-ogg: 62fdf1f143b41e24485cea50d1cbac27 -> 
  custom:video-decoder-webm-vp8: 9c59270c3fd7afecdb556c50c9e8de78 -> 
  custom:audio-decoder-ogg-vorbis: bf7c407c2cedff20999df2af8eb42d56 -> 
========================================================================
Received Prepare
Registering precompiled user dll's ...
Registered in 0.007284 seconds.
Begin MonoManager ReloadAssembly
Symbol file LoadedFromMemory doesn't match image D:\gif\VirtualPisa\VirtualPisa1\Library\PackageCache\com.unity.visualscripting@1.7.8\Editor\VisualScripting.Core\Dependencies\YamlDotNet\Unity.VisualScripting.YamlDotNet.dll
Symbol file LoadedFromMemory doesn't match image D:\gif\VirtualPisa\VirtualPisa1\Library\PackageCache\com.unity.visualscripting@1.7.8\Editor\VisualScripting.Core\Dependencies\DotNetZip\Unity.VisualScripting.IonicZip.dll
Native extension for WindowsStandalone target not found
Native extension for Android target not found
Refreshing native plugins compatible for Editor in 0.83 ms, found 3 plugins.
Preloading 0 native plugins for Editor in 0.00 ms.
Mono: successfully reloaded assembly
- Completed reload, in  1.281 seconds
Domain Reload Profiling:
	ReloadAssembly (1282ms)
		BeginReloadAssembly (166ms)
			ExecutionOrderSort (0ms)
			DisableScriptedObjects (8ms)
			BackupInstance (0ms)
			ReleaseScriptingObjects (0ms)
			CreateAndSetChildDomain (41ms)
		EndReloadAssembly (990ms)
			LoadAssemblies (111ms)
			RebuildTransferFunctionScriptingTraits (0ms)
			SetupTypeCache (303ms)
			ReleaseScriptCaches (1ms)
			RebuildScriptCaches (61ms)
			SetupLoadedEditorAssemblies (456ms)
				LogAssemblyErrors (0ms)
				InitializePlatformSupportModulesInManaged (28ms)
				SetLoadedEditorAssemblies (1ms)
				RefreshPlugins (1ms)
				BeforeProcessingInitializeOnLoad (75ms)
				ProcessInitializeOnLoadAttributes (309ms)
				ProcessInitializeOnLoadMethodAttributes (35ms)
				AfterProcessingInitializeOnLoad (8ms)
				EditorAssembliesLoaded (0ms)
			ExecutionOrderSort2 (0ms)
			AwakeInstancesAfterBackupRestoration (10ms)
Platform modules already initialized, skipping
Refreshing native plugins compatible for Editor in 1.94 ms, found 3 plugins.
Preloading 0 native plugins for Editor in 0.00 ms.
Unloading 3293 Unused Serialized files (Serialized files now loaded: 0)
Unloading 17 unused Assets / (31.8 KB). Loaded Objects now: 3848.
Memory consumption went from 118.2 MB to 118.2 MB.
Total: 3.879900 ms (FindLiveObjects: 0.306600 ms CreateObjectMapping: 0.159400 ms MarkObjects: 3.337300 ms  DeleteObjects: 0.075400 ms)

AssetImportParameters requested are different than current active one (requested -> active):
  custom:video-decoder-ogg-theora: a1e56fd34408186e4bbccfd4996cb3dc -> 
  custom:container-muxer-webm: aa71ff27fc2769a1b78a27578f13a17b -> 
  custom:container-demuxer-webm: 4f35f7cbe854078d1ac9338744f61a02 -> 
  custom:video-encoder-webm-vp8: eb34c28f22e8b96e1ab97ce403110664 -> 
  custom:audio-encoder-webm-vorbis: bf7c407c2cedff20999df2af8eb42d56 -> 
  custom:framework-win-MediaFoundation: 216162199b28c13a410421893ffa2e32 -> 
  custom:container-demuxer-ogg: 62fdf1f143b41e24485cea50d1cbac27 -> 
  custom:video-decoder-webm-vp8: 9c59270c3fd7afecdb556c50c9e8de78 -> 
  custom:audio-decoder-ogg-vorbis: bf7c407c2cedff20999df2af8eb42d56 -> 
========================================================================
Received Prepare
Registering precompiled user dll's ...
Registered in 0.020773 seconds.
Begin MonoManager ReloadAssembly
Symbol file LoadedFromMemory doesn't match image D:\gif\VirtualPisa\VirtualPisa1\Library\PackageCache\com.unity.visualscripting@1.7.8\Editor\VisualScripting.Core\Dependencies\YamlDotNet\Unity.VisualScripting.YamlDotNet.dll
Symbol file LoadedFromMemory doesn't match image D:\gif\VirtualPisa\VirtualPisa1\Library\PackageCache\com.unity.visualscripting@1.7.8\Editor\VisualScripting.Core\Dependencies\DotNetZip\Unity.VisualScripting.IonicZip.dll
Native extension for WindowsStandalone target not found
Native extension for Android target not found
Refreshing native plugins compatible for Editor in 0.67 ms, found 3 plugins.
Preloading 0 native plugins for Editor in 0.00 ms.
Mono: successfully reloaded assembly
- Completed reload, in  1.392 seconds
Domain Reload Profiling:
	ReloadAssembly (1393ms)
		BeginReloadAssembly (164ms)
			ExecutionOrderSort (0ms)
			DisableScriptedObjects (8ms)
			BackupInstance (0ms)
			ReleaseScriptingObjects (0ms)
			CreateAndSetChildDomain (47ms)
		EndReloadAssembly (1098ms)
			LoadAssemblies (111ms)
			RebuildTransferFunctionScriptingTraits (0ms)
			SetupTypeCache (360ms)
			ReleaseScriptCaches (2ms)
			RebuildScriptCaches (70ms)
			SetupLoadedEditorAssemblies (501ms)
				LogAssemblyErrors (0ms)
				InitializePlatformSupportModulesInManaged (56ms)
				SetLoadedEditorAssemblies (1ms)
				RefreshPlugins (1ms)
				BeforeProcessingInitializeOnLoad (113ms)
				ProcessInitializeOnLoadAttributes (287ms)
				ProcessInitializeOnLoadMethodAttributes (36ms)
				AfterProcessingInitializeOnLoad (7ms)
				EditorAssembliesLoaded (0ms)
			ExecutionOrderSort2 (0ms)
			AwakeInstancesAfterBackupRestoration (8ms)
Platform modules already initialized, skipping
Refreshing native plugins compatible for Editor in 1.96 ms, found 3 plugins.
Preloading 0 native plugins for Editor in 0.00 ms.
Unloading 3312 Unused Serialized files (Serialized files now loaded: 0)
Unloading 17 unused Assets / (31.7 KB). Loaded Objects now: 3852.
Memory consumption went from 119.7 MB to 119.7 MB.
Total: 3.810600 ms (FindLiveObjects: 0.296900 ms CreateObjectMapping: 0.178600 ms MarkObjects: 3.303300 ms  DeleteObjects: 0.030200 ms)

AssetImportParameters requested are different than current active one (requested -> active):
  custom:video-decoder-ogg-theora: a1e56fd34408186e4bbccfd4996cb3dc -> 
  custom:container-muxer-webm: aa71ff27fc2769a1b78a27578f13a17b -> 
  custom:container-demuxer-webm: 4f35f7cbe854078d1ac9338744f61a02 -> 
  custom:video-encoder-webm-vp8: eb34c28f22e8b96e1ab97ce403110664 -> 
  custom:audio-encoder-webm-vorbis: bf7c407c2cedff20999df2af8eb42d56 -> 
  custom:framework-win-MediaFoundation: 216162199b28c13a410421893ffa2e32 -> 
  custom:container-demuxer-ogg: 62fdf1f143b41e24485cea50d1cbac27 -> 
  custom:video-decoder-webm-vp8: 9c59270c3fd7afecdb556c50c9e8de78 -> 
  custom:audio-decoder-ogg-vorbis: bf7c407c2cedff20999df2af8eb42d56 -> 
========================================================================
Received Prepare
Registering precompiled user dll's ...
Registered in 0.036282 seconds.
Begin MonoManager ReloadAssembly
Symbol file LoadedFromMemory doesn't match image D:\gif\VirtualPisa\VirtualPisa1\Library\PackageCache\com.unity.visualscripting@1.7.8\Editor\VisualScripting.Core\Dependencies\YamlDotNet\Unity.VisualScripting.YamlDotNet.dll
Symbol file LoadedFromMemory doesn't match image D:\gif\VirtualPisa\VirtualPisa1\Library\PackageCache\com.unity.visualscripting@1.7.8\Editor\VisualScripting.Core\Dependencies\DotNetZip\Unity.VisualScripting.IonicZip.dll
Native extension for WindowsStandalone target not found
Native extension for Android target not found
Refreshing native plugins compatible for Editor in 0.82 ms, found 6 plugins.
Preloading 2 native plugins for Editor in 3.44 ms.
Mono: successfully reloaded assembly
- Completed reload, in  1.358 seconds
Domain Reload Profiling:
	ReloadAssembly (1359ms)
		BeginReloadAssembly (153ms)
			ExecutionOrderSort (0ms)
			DisableScriptedObjects (10ms)
			BackupInstance (0ms)
			ReleaseScriptingObjects (0ms)
			CreateAndSetChildDomain (39ms)
		EndReloadAssembly (1082ms)
			LoadAssemblies (103ms)
			RebuildTransferFunctionScriptingTraits (0ms)
			SetupTypeCache (331ms)
			ReleaseScriptCaches (2ms)
			RebuildScriptCaches (69ms)
			SetupLoadedEditorAssemblies (509ms)
				LogAssemblyErrors (0ms)
				InitializePlatformSupportModulesInManaged (54ms)
				SetLoadedEditorAssemblies (1ms)
				RefreshPlugins (4ms)
				BeforeProcessingInitializeOnLoad (122ms)
				ProcessInitializeOnLoadAttributes (286ms)
				ProcessInitializeOnLoadMethodAttributes (35ms)
				AfterProcessingInitializeOnLoad (6ms)
				EditorAssembliesLoaded (0ms)
			ExecutionOrderSort2 (0ms)
			AwakeInstancesAfterBackupRestoration (8ms)
Platform modules already initialized, skipping
Shader 'Custom/PointCloudHeightClip': fallback shader 'PointClouds/PointSplatNoGeom' not found
Shader 'PointClouds/PointSplat': fallback shader 'PointClouds/PointSplatNoGeom' not found
Refreshing native plugins compatible for Editor in 4.60 ms, found 6 plugins.
Preloading 2 native plugins for Editor in 0.09 ms.
Unloading 3360 Unused Serialized files (Serialized files now loaded: 0)
Unloading 55 unused Assets / (1.6 MB). Loaded Objects now: 4181.
Memory consumption went from 126.7 MB to 125.1 MB.
Total: 4.387000 ms (FindLiveObjects: 0.405100 ms CreateObjectMapping: 0.233600 ms MarkObjects: 2.959400 ms  DeleteObjects: 0.787600 ms)

AssetImportParameters requested are different than current active one (requested -> active):
  custom:video-decoder-ogg-theora: a1e56fd34408186e4bbccfd4996cb3dc -> 
  custom:container-muxer-webm: aa71ff27fc2769a1b78a27578f13a17b -> 
  custom:container-demuxer-webm: 4f35f7cbe854078d1ac9338744f61a02 -> 
  custom:video-encoder-webm-vp8: eb34c28f22e8b96e1ab97ce403110664 -> 
  custom:audio-encoder-webm-vorbis: bf7c407c2cedff20999df2af8eb42d56 -> 
  custom:framework-win-MediaFoundation: 216162199b28c13a410421893ffa2e32 -> 
  custom:container-demuxer-ogg: 62fdf1f143b41e24485cea50d1cbac27 -> 
  custom:video-decoder-webm-vp8: 9c59270c3fd7afecdb556c50c9e8de78 -> 
  custom:audio-decoder-ogg-vorbis: bf7c407c2cedff20999df2af8eb42d56 -> 
========================================================================
Received Import Request.
  Time since last request: 2656.294968 seconds.
  path: Assets/Resources/VuforiaConfiguration.asset
  artifactKey: Guid(f1c3746753ce25045a88ffeb4183ac16) Importer(815301076,1909f56bfc062723c751e8b465ee728b)
Start importing Assets/Resources/VuforiaConfiguration.asset using Guid(f1c3746753ce25045a88ffeb4183ac16) Importer(815301076,1909f56bfc062723c751e8b465ee728b)  -> (artifact id: '8cb3e518dd40f6cd774846a6f3e5133c') in 0.049252 seconds 
========================================================================
Received Import Request.
  Time since last request: 12.948906 seconds.
  path: Assets/Textures and Sprites 1/RenderTexture.renderTexture
  artifactKey: Guid(c7469d89606dfc74f9b5fbdf009c0f10) Importer(815301076,1909f56bfc062723c751e8b465ee728b)
Start importing Assets/Textures and Sprites 1/RenderTexture.renderTexture using Guid(c7469d89606dfc74f9b5fbdf009c0f10) Importer(815301076,1909f56bfc062723c751e8b465ee728b)  -> (artifact id: 'da84bd0046dd7c3ebeaf4b6efd1b0921') in 0.172897 seconds 
========================================================================
Received Import Request.
  Time since last request: 2.413282 seconds.
  path: Assets/Models/lpFemale_casual_G.FBX
  artifactKey: Guid(47c8e6ba1cfd9004d86c5529fcad6547) Importer(815301076,1909f56bfc062723c751e8b465ee728b)
Start importing Assets/Models/lpFemale_casual_G.FBX using Guid(47c8e6ba1cfd9004d86c5529fcad6547) Importer(815301076,1909f56bfc062723c751e8b465ee728b)  -> (artifact id: '1fcf094c7701857ee8cf29bfa7fd9ea8') in 0.116263 seconds 
========================================================================
Received Import Request.
  Time since last request: 0.000027 seconds.
  path: Assets/Models/lpMale_casual_G.FBX
  artifactKey: Guid(17b216b0777321347803f1b1d86e44c9) Importer(815301076,1909f56bfc062723c751e8b465ee728b)
Start importing Assets/Models/lpMale_casual_G.FBX using Guid(17b216b0777321347803f1b1d86e44c9) Importer(815301076,1909f56bfc062723c751e8b465ee728b)  -> (artifact id: '3b4f485021be55a2954d02eb16ed728c') in 0.051184 seconds 
========================================================================
Received Import Request.
  Time since last request: 1.510919 seconds.
  path: Assets/Plugins/Android
  artifactKey: Guid(caa0678d554983b4db15725d7860295b) Importer(815301076,1909f56bfc062723c751e8b465ee728b)
Start importing Assets/Plugins/Android using Guid(caa0678d554983b4db15725d7860295b) Importer(815301076,1909f56bfc062723c751e8b465ee728b)  -> (artifact id: '683beb0ad92cb4f5e6528559da9dc768') in 0.001859 seconds 
========================================================================
Received Import Request.
  Time since last request: 38.860061 seconds.
  path: Assets/SamplesResources/AugmentationAssets
  artifactKey: Guid(ef1b1c7b813d7d54aadc0595127d24f6) Importer(815301076,1909f56bfc062723c751e8b465ee728b)
Start importing Assets/SamplesResources/AugmentationAssets using Guid(ef1b1c7b813d7d54aadc0595127d24f6) Importer(815301076,1909f56bfc062723c751e8b465ee728b)  -> (artifact id: 'd5208ae5a2036913fe315f3eeff53743') in 0.001649 seconds 
========================================================================
Received Import Request.
  Time since last request: 1.448727 seconds.
  path: Assets/SamplesResources/AugmentationAssets/Textures
  artifactKey: Guid(1af6ea56f2a40644ab84a6aae95d8f29) Importer(815301076,1909f56bfc062723c751e8b465ee728b)
Start importing Assets/SamplesResources/AugmentationAssets/Textures using Guid(1af6ea56f2a40644ab84a6aae95d8f29) Importer(815301076,1909f56bfc062723c751e8b465ee728b)  -> (artifact id: '06ae48cf6b1fd5a1380824278319b46d') in 0.001728 seconds 
========================================================================
Received Import Request.
  Time since last request: 6.721522 seconds.
  path: Assets/Editor/Vuforia/CylinderTargetTextures
  artifactKey: Guid(21c7256dec9132140af63b32f95af6ad) Importer(815301076,1909f56bfc062723c751e8b465ee728b)
Start importing Assets/Editor/Vuforia/CylinderTargetTextures using Guid(21c7256dec9132140af63b32f95af6ad) Importer(815301076,1909f56bfc062723c751e8b465ee728b)  -> (artifact id: 'a3bd1c06c2356e17bdd092275f9fea28') in 0.001546 seconds 
========================================================================
Received Import Request.
  Time since last request: 0.815200 seconds.
  path: Assets/Editor/Vuforia/ImageTargetTextures
  artifactKey: Guid(6de677bb34a9d444abcbc1265b6475ff) Importer(815301076,1909f56bfc062723c751e8b465ee728b)
Start importing Assets/Editor/Vuforia/ImageTargetTextures using Guid(6de677bb34a9d444abcbc1265b6475ff) Importer(815301076,1909f56bfc062723c751e8b465ee728b)  -> (artifact id: '07df2dd9e26469df77bfadb57cb9d8df') in 0.001783 seconds 
========================================================================
Received Import Request.
  Time since last request: 2.093199 seconds.
  path: Assets/Editor/Vuforia/ImageTargetTextures/VirtualPisa2021
  artifactKey: Guid(712ab1054894cb84285a23fce31df0e0) Importer(815301076,1909f56bfc062723c751e8b465ee728b)
Start importing Assets/Editor/Vuforia/ImageTargetTextures/VirtualPisa2021 using Guid(712ab1054894cb84285a23fce31df0e0) Importer(815301076,1909f56bfc062723c751e8b465ee728b)  -> (artifact id: 'af5d138e1d82f141f7d924392799ba03') in 0.002036 seconds 
========================================================================
Received Import Request.
  Time since last request: 0.575271 seconds.
  path: Assets/Editor/Vuforia/ImageTargetTextures/VuforiaEmulator
  artifactKey: Guid(c60fde2f6d3ec6249bf8090fdb0995e8) Importer(815301076,1909f56bfc062723c751e8b465ee728b)
Start importing Assets/Editor/Vuforia/ImageTargetTextures/VuforiaEmulator using Guid(c60fde2f6d3ec6249bf8090fdb0995e8) Importer(815301076,1909f56bfc062723c751e8b465ee728b)  -> (artifact id: '1741c79a6556bb205c8d036d9eb21ea4') in 0.001895 seconds 
========================================================================
Received Import Request.
  Time since last request: 0.874592 seconds.
  path: Assets/Editor/Vuforia/ImageTargetTextures/VirtualPisa2021/cube1_scaled_scaled.jpg
  artifactKey: Guid(cb13c05a9fe34f5e867ab662246767aa) Importer(815301076,1909f56bfc062723c751e8b465ee728b)
Start importing Assets/Editor/Vuforia/ImageTargetTextures/VirtualPisa2021/cube1_scaled_scaled.jpg using Guid(cb13c05a9fe34f5e867ab662246767aa) Importer(815301076,1909f56bfc062723c751e8b465ee728b)  -> (artifact id: '22d6c345e3a1c60080a2cda38b92e4b5') in 0.023720 seconds 
========================================================================
Received Import Request.
  Time since last request: 0.000037 seconds.
  path: Assets/Editor/Vuforia/ImageTargetTextures/VirtualPisa2021/task1and2_scaled.jpg
  artifactKey: Guid(246bab03d105413dacb7bf44c2941c14) Importer(815301076,1909f56bfc062723c751e8b465ee728b)
Start importing Assets/Editor/Vuforia/ImageTargetTextures/VirtualPisa2021/task1and2_scaled.jpg using Guid(246bab03d105413dacb7bf44c2941c14) Importer(815301076,1909f56bfc062723c751e8b465ee728b)  -> (artifact id: '9d1486819f0f4fa2cb50f2b975519e1a') in 0.033731 seconds 
========================================================================
Received Import Request.
  Time since last request: 0.000024 seconds.
  path: Assets/Editor/Vuforia/ImageTargetTextures/VirtualPisa2021/cube3_scaled_scaled.jpg
  artifactKey: Guid(9576a41c48e045c69bda4a3f5cdff941) Importer(815301076,1909f56bfc062723c751e8b465ee728b)
Start importing Assets/Editor/Vuforia/ImageTargetTextures/VirtualPisa2021/cube3_scaled_scaled.jpg using Guid(9576a41c48e045c69bda4a3f5cdff941) Importer(815301076,1909f56bfc062723c751e8b465ee728b)  -> (artifact id: '6949827cf89e66e4d7084faaaf5d0c3f') in 0.014338 seconds 
========================================================================
Received Import Request.
  Time since last request: 0.000036 seconds.
  path: Assets/Editor/Vuforia/ImageTargetTextures/VirtualPisa2021/task5_scaled.jpg
  artifactKey: Guid(f32f34108fd54af3bb26dca458ebcdd1) Importer(815301076,1909f56bfc062723c751e8b465ee728b)
Start importing Assets/Editor/Vuforia/ImageTargetTextures/VirtualPisa2021/task5_scaled.jpg using Guid(f32f34108fd54af3bb26dca458ebcdd1) Importer(815301076,1909f56bfc062723c751e8b465ee728b)  -> (artifact id: 'bdce533f4ef9e485118c26da15df5ee6') in 0.028348 seconds 
========================================================================
Received Import Request.
  Time since last request: 0.000037 seconds.
  path: Assets/Editor/Vuforia/ImageTargetTextures/VirtualPisa2021/cube4_scaled_scaled.jpg
  artifactKey: Guid(b3e82710b9794f748db430807bb55d5a) Importer(815301076,1909f56bfc062723c751e8b465ee728b)
Start importing Assets/Editor/Vuforia/ImageTargetTextures/VirtualPisa2021/cube4_scaled_scaled.jpg using Guid(b3e82710b9794f748db430807bb55d5a) Importer(815301076,1909f56bfc062723c751e8b465ee728b)  -> (artifact id: '1563da52e57a5b070ee94a2d8d571da1') in 0.014863 seconds 
========================================================================
Received Import Request.
  Time since last request: 0.000047 seconds.
  path: Assets/Editor/Vuforia/ImageTargetTextures/VirtualPisa2021/task4I_scaled.jpg
  artifactKey: Guid(ed386e05695c406992d1682c91ced545) Importer(815301076,1909f56bfc062723c751e8b465ee728b)
Start importing Assets/Editor/Vuforia/ImageTargetTextures/VirtualPisa2021/task4I_scaled.jpg using Guid(ed386e05695c406992d1682c91ced545) Importer(815301076,1909f56bfc062723c751e8b465ee728b)  -> (artifact id: '1548054bde604cefb6ad2ca9246db172') in 0.016084 seconds 
========================================================================
Received Import Request.
  Time since last request: 0.000024 seconds.
  path: Assets/Editor/Vuforia/ImageTargetTextures/VirtualPisa2021/task5P_scaled.jpg
  artifactKey: Guid(f5ac498d49294146b7dac467f5ba883c) Importer(815301076,1909f56bfc062723c751e8b465ee728b)
Start importing Assets/Editor/Vuforia/ImageTargetTextures/VirtualPisa2021/task5P_scaled.jpg using Guid(f5ac498d49294146b7dac467f5ba883c) Importer(815301076,1909f56bfc062723c751e8b465ee728b)  -> (artifact id: 'b26e4151d87c5fe02b7205148d38996c') in 0.016896 seconds 
========================================================================
Received Import Request.
  Time since last request: 0.000023 seconds.
  path: Assets/Editor/Vuforia/ImageTargetTextures/VirtualPisa2021/task3_scaled.jpg
  artifactKey: Guid(aae47f8bc2c044cea40a5b2ddb102bad) Importer(815301076,1909f56bfc062723c751e8b465ee728b)
Start importing Assets/Editor/Vuforia/ImageTargetTextures/VirtualPisa2021/task3_scaled.jpg using Guid(aae47f8bc2c044cea40a5b2ddb102bad) Importer(815301076,1909f56bfc062723c751e8b465ee728b)  -> (artifact id: 'a3da028040f32af28e024a8d97da2df1') in 0.012629 seconds 
========================================================================
Received Import Request.
  Time since last request: 0.000025 seconds.
  path: Assets/Editor/Vuforia/ImageTargetTextures/VirtualPisa2021/task7_scaled.jpg
  artifactKey: Guid(dbce98b53d27468392da44f84cc98d65) Importer(815301076,1909f56bfc062723c751e8b465ee728b)
Start importing Assets/Editor/Vuforia/ImageTargetTextures/VirtualPisa2021/task7_scaled.jpg using Guid(dbce98b53d27468392da44f84cc98d65) Importer(815301076,1909f56bfc062723c751e8b465ee728b)  -> (artifact id: '1f3c74d799ae49e45ed2b4b37c2c82da') in 0.019204 seconds 
========================================================================
Received Import Request.
  Time since last request: 0.000023 seconds.
  path: Assets/Editor/Vuforia/ImageTargetTextures/VirtualPisa2021/pattern-task17_111_scaled.jpg
  artifactKey: Guid(f61d748a7242453b9c6e69c4e063d67c) Importer(815301076,1909f56bfc062723c751e8b465ee728b)
Start importing Assets/Editor/Vuforia/ImageTargetTextures/VirtualPisa2021/pattern-task17_111_scaled.jpg using Guid(f61d748a7242453b9c6e69c4e063d67c) Importer(815301076,1909f56bfc062723c751e8b465ee728b)  -> (artifact id: 'b07cd1f4928f0875c45b2815bce99920') in 0.016640 seconds 
========================================================================
Received Import Request.
  Time since last request: 0.000024 seconds.
  path: Assets/Editor/Vuforia/ImageTargetTextures/VirtualPisa2021/task1_scaled.jpg
  artifactKey: Guid(9b066ec771784c679ff8f9d0cac8697d) Importer(815301076,1909f56bfc062723c751e8b465ee728b)
Start importing Assets/Editor/Vuforia/ImageTargetTextures/VirtualPisa2021/task1_scaled.jpg using Guid(9b066ec771784c679ff8f9d0cac8697d) Importer(815301076,1909f56bfc062723c751e8b465ee728b)  -> (artifact id: 'd567a64d795bc0f90e09670449d7f5bc') in 0.017435 seconds 
========================================================================
Received Import Request.
  Time since last request: 0.000024 seconds.
  path: Assets/Editor/Vuforia/ImageTargetTextures/VirtualPisa2021/task4_scaled.jpg
  artifactKey: Guid(e719b61dfc5b4dfcaa090c27c86425b6) Importer(815301076,1909f56bfc062723c751e8b465ee728b)
Start importing Assets/Editor/Vuforia/ImageTargetTextures/VirtualPisa2021/task4_scaled.jpg using Guid(e719b61dfc5b4dfcaa090c27c86425b6) Importer(815301076,1909f56bfc062723c751e8b465ee728b)  -> (artifact id: 'c5e3a0a00075de6daf89dec8db7ca6f4') in 0.014326 seconds 
========================================================================
Received Import Request.
  Time since last request: 0.000029 seconds.
  path: Assets/Editor/Vuforia/ImageTargetTextures/VirtualPisa2021/cube2_scaled_scaled.jpg
  artifactKey: Guid(e68389a578c144a184c74f9a805033c0) Importer(815301076,1909f56bfc062723c751e8b465ee728b)
Start importing Assets/Editor/Vuforia/ImageTargetTextures/VirtualPisa2021/cube2_scaled_scaled.jpg using Guid(e68389a578c144a184c74f9a805033c0) Importer(815301076,1909f56bfc062723c751e8b465ee728b)  -> (artifact id: '6732fdd6cae7a541401a6486f4e075ae') in 0.011852 seconds 
========================================================================
Received Import Request.
  Time since last request: 0.000083 seconds.
  path: Assets/Editor/Vuforia/ImageTargetTextures/VirtualPisa2021/task10_scaled.jpg
  artifactKey: Guid(e0d5d6405aa347168f834bfbae2b002c) Importer(815301076,1909f56bfc062723c751e8b465ee728b)
Start importing Assets/Editor/Vuforia/ImageTargetTextures/VirtualPisa2021/task10_scaled.jpg using Guid(e0d5d6405aa347168f834bfbae2b002c) Importer(815301076,1909f56bfc062723c751e8b465ee728b)  -> (artifact id: 'd6670df11791fcea035bafbb5252d0bf') in 0.011270 seconds 
========================================================================
Received Import Request.
  Time since last request: 0.000044 seconds.
  path: Assets/Editor/Vuforia/ImageTargetTextures/VirtualPisa2021/task3K_scaled.jpg
  artifactKey: Guid(e06e716784e04fa8975422adf4fa3897) Importer(815301076,1909f56bfc062723c751e8b465ee728b)
Start importing Assets/Editor/Vuforia/ImageTargetTextures/VirtualPisa2021/task3K_scaled.jpg using Guid(e06e716784e04fa8975422adf4fa3897) Importer(815301076,1909f56bfc062723c751e8b465ee728b)  -> (artifact id: 'd6f435b93a493182c211ba845ebc2673') in 0.017439 seconds 
========================================================================
Received Import Request.
  Time since last request: 0.000021 seconds.
  path: Assets/Editor/Vuforia/ImageTargetTextures/VirtualPisa2021/task12_scaled.jpg
  artifactKey: Guid(7dc1bc92cc0e4ed384fe0d83df4aff37) Importer(815301076,1909f56bfc062723c751e8b465ee728b)
Start importing Assets/Editor/Vuforia/ImageTargetTextures/VirtualPisa2021/task12_scaled.jpg using Guid(7dc1bc92cc0e4ed384fe0d83df4aff37) Importer(815301076,1909f56bfc062723c751e8b465ee728b)  -> (artifact id: '1db15498263a2c4beab0fb7cc87cba84') in 0.011826 seconds 
========================================================================
Received Import Request.
  Time since last request: 0.000026 seconds.
  path: Assets/Editor/Vuforia/ImageTargetTextures/VirtualPisa2021/task2_scaled.jpg
  artifactKey: Guid(827bd03fc9934e1f8333a02a7d960992) Importer(815301076,1909f56bfc062723c751e8b465ee728b)
Start importing Assets/Editor/Vuforia/ImageTargetTextures/VirtualPisa2021/task2_scaled.jpg using Guid(827bd03fc9934e1f8333a02a7d960992) Importer(815301076,1909f56bfc062723c751e8b465ee728b)  -> (artifact id: '73e3523bbb7e7d08ac8817ac60c4fa52') in 0.017857 seconds 
========================================================================
Received Import Request.
  Time since last request: 0.000031 seconds.
  path: Assets/Editor/Vuforia/ImageTargetTextures/VirtualPisa2021/task5K_scaled.jpg
  artifactKey: Guid(fbddbfc06e194a5f817bff894b76fcb5) Importer(815301076,1909f56bfc062723c751e8b465ee728b)
Start importing Assets/Editor/Vuforia/ImageTargetTextures/VirtualPisa2021/task5K_scaled.jpg using Guid(fbddbfc06e194a5f817bff894b76fcb5) Importer(815301076,1909f56bfc062723c751e8b465ee728b)  -> (artifact id: '63668e5b2539a797bcd92940aa1db36b') in 0.017091 seconds 
========================================================================
Received Import Request.
  Time since last request: 0.000028 seconds.
  path: Assets/Editor/Vuforia/ImageTargetTextures/VirtualPisa2021/task3_1_scaled.jpg
  artifactKey: Guid(3a3473b3337f43648ca725d5a55f985c) Importer(815301076,1909f56bfc062723c751e8b465ee728b)
Start importing Assets/Editor/Vuforia/ImageTargetTextures/VirtualPisa2021/task3_1_scaled.jpg using Guid(3a3473b3337f43648ca725d5a55f985c) Importer(815301076,1909f56bfc062723c751e8b465ee728b)  -> (artifact id: 'e468a828b9336ad8754af8339058b3ad') in 0.011611 seconds 
========================================================================
Received Import Request.
  Time since last request: 0.000024 seconds.
  path: Assets/Editor/Vuforia/ImageTargetTextures/VirtualPisa2021/task6P_scaled.jpg
  artifactKey: Guid(4cd19fb6217e4fcf8a011a79fd0767cf) Importer(815301076,1909f56bfc062723c751e8b465ee728b)
Start importing Assets/Editor/Vuforia/ImageTargetTextures/VirtualPisa2021/task6P_scaled.jpg using Guid(4cd19fb6217e4fcf8a011a79fd0767cf) Importer(815301076,1909f56bfc062723c751e8b465ee728b)  -> (artifact id: 'eacea4e37b278335def4b324de14203c') in 0.016855 seconds 
========================================================================
Received Import Request.
  Time since last request: 0.000025 seconds.
  path: Assets/Editor/Vuforia/ImageTargetTextures/VirtualPisa2021/pattern-task20_111_scaled.jpg
  artifactKey: Guid(79475246802541b281deffcee28a3e37) Importer(815301076,1909f56bfc062723c751e8b465ee728b)
Start importing Assets/Editor/Vuforia/ImageTargetTextures/VirtualPisa2021/pattern-task20_111_scaled.jpg using Guid(79475246802541b281deffcee28a3e37) Importer(815301076,1909f56bfc062723c751e8b465ee728b)  -> (artifact id: '4a744e3b0c16b2db90d059023e70e826') in 0.016169 seconds 
========================================================================
Received Import Request.
  Time since last request: 0.941094 seconds.
  path: Assets/Editor/Vuforia/ImageTargetTextures/VirtualPisa2021/task15_scaled.jpg
  artifactKey: Guid(cf5189909f4a45f691915a83021c78bc) Importer(815301076,1909f56bfc062723c751e8b465ee728b)
Start importing Assets/Editor/Vuforia/ImageTargetTextures/VirtualPisa2021/task15_scaled.jpg using Guid(cf5189909f4a45f691915a83021c78bc) Importer(815301076,1909f56bfc062723c751e8b465ee728b)  -> (artifact id: '6085fc5561a17a5d3d0306eed23267e4') in 0.016268 seconds 
========================================================================
Received Import Request.
  Time since last request: 0.000021 seconds.
  path: Assets/Editor/Vuforia/ImageTargetTextures/VirtualPisa2021/task17_11_scaled.jpg
  artifactKey: Guid(4ef131ff77ba4f2b9b88076c4905d470) Importer(815301076,1909f56bfc062723c751e8b465ee728b)
Start importing Assets/Editor/Vuforia/ImageTargetTextures/VirtualPisa2021/task17_11_scaled.jpg using Guid(4ef131ff77ba4f2b9b88076c4905d470) Importer(815301076,1909f56bfc062723c751e8b465ee728b)  -> (artifact id: 'e9e1541de6c563fc9cc6689c63a45fd2') in 0.013359 seconds 
========================================================================
Received Import Request.
  Time since last request: 0.000028 seconds.
  path: Assets/Editor/Vuforia/ImageTargetTextures/VirtualPisa2021/task17_scaled.jpg
  artifactKey: Guid(a481a8f8eb694db09dcb7d1378a5a225) Importer(815301076,1909f56bfc062723c751e8b465ee728b)
Start importing Assets/Editor/Vuforia/ImageTargetTextures/VirtualPisa2021/task17_scaled.jpg using Guid(a481a8f8eb694db09dcb7d1378a5a225) Importer(815301076,1909f56bfc062723c751e8b465ee728b)  -> (artifact id: '9f068f36d0310534e235cace964c4b01') in 0.014887 seconds 
========================================================================
Received Import Request.
  Time since last request: 0.000028 seconds.
  path: Assets/Editor/Vuforia/ImageTargetTextures/VirtualPisa2021/task17_1_scaled.jpg
  artifactKey: Guid(aa5267bd7a184d8dace9705de5ec17ca) Importer(815301076,1909f56bfc062723c751e8b465ee728b)
Start importing Assets/Editor/Vuforia/ImageTargetTextures/VirtualPisa2021/task17_1_scaled.jpg using Guid(aa5267bd7a184d8dace9705de5ec17ca) Importer(815301076,1909f56bfc062723c751e8b465ee728b)  -> (artifact id: '62f3efea7601be2075ef48655097ae55') in 0.012136 seconds 
========================================================================
Received Import Request.
  Time since last request: 0.331072 seconds.
  path: Assets/Editor/Vuforia/ImageTargetTextures/VirtualPisa2021/task20_1_scaled.jpg
  artifactKey: Guid(a3511025cc9d4220a9396a588f35e043) Importer(815301076,1909f56bfc062723c751e8b465ee728b)
Start importing Assets/Editor/Vuforia/ImageTargetTextures/VirtualPisa2021/task20_1_scaled.jpg using Guid(a3511025cc9d4220a9396a588f35e043) Importer(815301076,1909f56bfc062723c751e8b465ee728b)  -> (artifact id: '51e82a71bc3330b4290f8b44fc854e8b') in 0.121725 seconds 
========================================================================
Received Import Request.
  Time since last request: 0.000023 seconds.
  path: Assets/Editor/Vuforia/ImageTargetTextures/VirtualPisa2021/task20_scaled.jpg
  artifactKey: Guid(6a3ac825e3ad4064852c8e05b5e3416b) Importer(815301076,1909f56bfc062723c751e8b465ee728b)
Start importing Assets/Editor/Vuforia/ImageTargetTextures/VirtualPisa2021/task20_scaled.jpg using Guid(6a3ac825e3ad4064852c8e05b5e3416b) Importer(815301076,1909f56bfc062723c751e8b465ee728b)  -> (artifact id: 'f5eab69d9c0b8476accf6b0947ed42ff') in 0.013839 seconds 
========================================================================
Received Import Request.
  Time since last request: 0.000054 seconds.
  path: Assets/Editor/Vuforia/ImageTargetTextures/VirtualPisa2021/task20_11_scaled.jpg
  artifactKey: Guid(1eb90e7fe579438982c1b25b48ce490a) Importer(815301076,1909f56bfc062723c751e8b465ee728b)
Start importing Assets/Editor/Vuforia/ImageTargetTextures/VirtualPisa2021/task20_11_scaled.jpg using Guid(1eb90e7fe579438982c1b25b48ce490a) Importer(815301076,1909f56bfc062723c751e8b465ee728b)  -> (artifact id: '11f335f6f0cd8f016ab3d2d936b83423') in 0.013555 seconds 
========================================================================
Received Import Request.
  Time since last request: 0.000025 seconds.
  path: Assets/Editor/Vuforia/ImageTargetTextures/VirtualPisa2021/task22_scaled.jpg
  artifactKey: Guid(d34b741b0d144532a8258b612efafa61) Importer(815301076,1909f56bfc062723c751e8b465ee728b)
Start importing Assets/Editor/Vuforia/ImageTargetTextures/VirtualPisa2021/task22_scaled.jpg using Guid(d34b741b0d144532a8258b612efafa61) Importer(815301076,1909f56bfc062723c751e8b465ee728b)  -> (artifact id: '2a690f6c93581a82d8a5f8ffef2807a4') in 0.013843 seconds 
========================================================================
Received Import Request.
  Time since last request: 6.365151 seconds.
  path: Assets/Editor/Vuforia/ImageTargetTextures/VirtualPisa
  artifactKey: Guid(128046daed3da604fa8efe07d9867d0b) Importer(815301076,1909f56bfc062723c751e8b465ee728b)
Start importing Assets/Editor/Vuforia/ImageTargetTextures/VirtualPisa using Guid(128046daed3da604fa8efe07d9867d0b) Importer(815301076,1909f56bfc062723c751e8b465ee728b)  -> (artifact id: '1599360d813057d569fa25169c33cf38') in 0.002915 seconds 
========================================================================
Received Import Request.
  Time since last request: 0.105243 seconds.
  path: Assets/Editor/Vuforia/ImageTargetTextures/VirtualPisa/b_scaled_scaled.jpg
  artifactKey: Guid(740dde94c57e42d8a803d56296c25529) Importer(815301076,1909f56bfc062723c751e8b465ee728b)
Start importing Assets/Editor/Vuforia/ImageTargetTextures/VirtualPisa/b_scaled_scaled.jpg using Guid(740dde94c57e42d8a803d56296c25529) Importer(815301076,1909f56bfc062723c751e8b465ee728b)  -> (artifact id: 'fbe26a3d1ed47cd7018694ce80f4e041') in 0.010409 seconds 
========================================================================
Received Import Request.
  Time since last request: 0.000040 seconds.
  path: Assets/Editor/Vuforia/ImageTargetTextures/VirtualPisa/cube3_scaled.jpg
  artifactKey: Guid(cf01b94128324241a83f182fbea209e9) Importer(815301076,1909f56bfc062723c751e8b465ee728b)
Start importing Assets/Editor/Vuforia/ImageTargetTextures/VirtualPisa/cube3_scaled.jpg using Guid(cf01b94128324241a83f182fbea209e9) Importer(815301076,1909f56bfc062723c751e8b465ee728b)  -> (artifact id: 'e98dc43ec3a086909db47b656a95e42e') in 0.015439 seconds 
========================================================================
Received Import Request.
  Time since last request: 0.000058 seconds.
  path: Assets/Editor/Vuforia/ImageTargetTextures/VirtualPisa/cube2_scaled_scaled.jpg
  artifactKey: Guid(273cb1b920d043959c6195fd3fe617a8) Importer(815301076,1909f56bfc062723c751e8b465ee728b)
Start importing Assets/Editor/Vuforia/ImageTargetTextures/VirtualPisa/cube2_scaled_scaled.jpg using Guid(273cb1b920d043959c6195fd3fe617a8) Importer(815301076,1909f56bfc062723c751e8b465ee728b)  -> (artifact id: '276ca46be43bb809e34b55973f8096bd') in 0.011004 seconds 
========================================================================
Received Import Request.
  Time since last request: 0.000026 seconds.
  path: Assets/Editor/Vuforia/ImageTargetTextures/VirtualPisa/cube3_scaled_scaled.jpg
  artifactKey: Guid(5193b21efb4744a8bc6d7a8a6af780b1) Importer(815301076,1909f56bfc062723c751e8b465ee728b)
Start importing Assets/Editor/Vuforia/ImageTargetTextures/VirtualPisa/cube3_scaled_scaled.jpg using Guid(5193b21efb4744a8bc6d7a8a6af780b1) Importer(815301076,1909f56bfc062723c751e8b465ee728b)  -> (artifact id: '69b551f025b63c0cadd16e4fe095f99b') in 0.012882 seconds 
========================================================================
Received Import Request.
  Time since last request: 0.000043 seconds.
  path: Assets/Editor/Vuforia/ImageTargetTextures/VirtualPisa/Zad1_scaled.jpg
  artifactKey: Guid(e520bd7bcaab45318ee110c61a023166) Importer(815301076,1909f56bfc062723c751e8b465ee728b)
Start importing Assets/Editor/Vuforia/ImageTargetTextures/VirtualPisa/Zad1_scaled.jpg using Guid(e520bd7bcaab45318ee110c61a023166) Importer(815301076,1909f56bfc062723c751e8b465ee728b)  -> (artifact id: 'fffffb5029af283297cb16a386164f0e') in 0.018918 seconds 
========================================================================
Received Import Request.
  Time since last request: 0.000027 seconds.
  path: Assets/Editor/Vuforia/ImageTargetTextures/VirtualPisa/cube1_scaled.jpg
  artifactKey: Guid(41a5de0596d849f5a8be62f9901bb549) Importer(815301076,1909f56bfc062723c751e8b465ee728b)
Start importing Assets/Editor/Vuforia/ImageTargetTextures/VirtualPisa/cube1_scaled.jpg using Guid(41a5de0596d849f5a8be62f9901bb549) Importer(815301076,1909f56bfc062723c751e8b465ee728b)  -> (artifact id: '404921cbd443f83dd4eb033153b72d2e') in 0.013406 seconds 
========================================================================
Received Import Request.
  Time since last request: 0.000026 seconds.
  path: Assets/Editor/Vuforia/ImageTargetTextures/VirtualPisa/cube1_scaled_scaled.jpg
  artifactKey: Guid(3ab3540e6ee94ec1beef3589d5104bb0) Importer(815301076,1909f56bfc062723c751e8b465ee728b)
Start importing Assets/Editor/Vuforia/ImageTargetTextures/VirtualPisa/cube1_scaled_scaled.jpg using Guid(3ab3540e6ee94ec1beef3589d5104bb0) Importer(815301076,1909f56bfc062723c751e8b465ee728b)  -> (artifact id: 'c7a190ac557cfe84bd7c8290596ad24c') in 0.012740 seconds 
========================================================================
Received Import Request.
  Time since last request: 0.000025 seconds.
  path: Assets/Editor/Vuforia/ImageTargetTextures/VirtualPisa/marker_scaled.jpg
  artifactKey: Guid(9a4c83b7bc40a284e8fa36075675e384) Importer(815301076,1909f56bfc062723c751e8b465ee728b)
Start importing Assets/Editor/Vuforia/ImageTargetTextures/VirtualPisa/marker_scaled.jpg using Guid(9a4c83b7bc40a284e8fa36075675e384) Importer(815301076,1909f56bfc062723c751e8b465ee728b)  -> (artifact id: '4d582911988a12202903fc0a351ed040') in 0.012178 seconds 
========================================================================
Received Import Request.
  Time since last request: 0.000048 seconds.
  path: Assets/Editor/Vuforia/ImageTargetTextures/VirtualPisa/cube4_scaled.jpg
  artifactKey: Guid(e47705a563834af99683a9bf060d0fcd) Importer(815301076,1909f56bfc062723c751e8b465ee728b)
Start importing Assets/Editor/Vuforia/ImageTargetTextures/VirtualPisa/cube4_scaled.jpg using Guid(e47705a563834af99683a9bf060d0fcd) Importer(815301076,1909f56bfc062723c751e8b465ee728b)  -> (artifact id: 'f3e3be370f8039b7dd5ef89b5ce9fa45') in 0.011453 seconds 
========================================================================
Received Import Request.
  Time since last request: 0.000031 seconds.
  path: Assets/Editor/Vuforia/ImageTargetTextures/VirtualPisa/zad3_scaled.jpg
  artifactKey: Guid(f3af01d2a71e4e18b7150f915bde7496) Importer(815301076,1909f56bfc062723c751e8b465ee728b)
Start importing Assets/Editor/Vuforia/ImageTargetTextures/VirtualPisa/zad3_scaled.jpg using Guid(f3af01d2a71e4e18b7150f915bde7496) Importer(815301076,1909f56bfc062723c751e8b465ee728b)  -> (artifact id: '53190a666e46bf5ba70c6ef334bcd6c6') in 0.012676 seconds 
========================================================================
Received Import Request.
  Time since last request: 0.000055 seconds.
  path: Assets/Editor/Vuforia/ImageTargetTextures/VirtualPisa/cube2_scaled.jpg
  artifactKey: Guid(1acbe14f44144346aefa4c5503eafe2c) Importer(815301076,1909f56bfc062723c751e8b465ee728b)
Start importing Assets/Editor/Vuforia/ImageTargetTextures/VirtualPisa/cube2_scaled.jpg using Guid(1acbe14f44144346aefa4c5503eafe2c) Importer(815301076,1909f56bfc062723c751e8b465ee728b)  -> (artifact id: '4bbacdb4e6f5e5a61c68f50f0ba08af3') in 0.011884 seconds 
========================================================================
Received Import Request.
  Time since last request: 0.000028 seconds.
  path: Assets/Editor/Vuforia/ImageTargetTextures/VirtualPisa/cube4_scaled_scaled.jpg
  artifactKey: Guid(0b3399346d4b4dc4a1e534087366639b) Importer(815301076,1909f56bfc062723c751e8b465ee728b)
Start importing Assets/Editor/Vuforia/ImageTargetTextures/VirtualPisa/cube4_scaled_scaled.jpg using Guid(0b3399346d4b4dc4a1e534087366639b) Importer(815301076,1909f56bfc062723c751e8b465ee728b)  -> (artifact id: '9207c7a5d1aed443c274694a20f7ab14') in 0.013568 seconds 
========================================================================
Received Import Request.
  Time since last request: 3.848525 seconds.
  path: Assets/Editor/Vuforia/ImageTargetTextures/VuforiaEmulator/emulator_ground_plane_scaled.jpg
  artifactKey: Guid(d28f7a8a9b3dfff44bb6faf80929212b) Importer(815301076,1909f56bfc062723c751e8b465ee728b)
Start importing Assets/Editor/Vuforia/ImageTargetTextures/VuforiaEmulator/emulator_ground_plane_scaled.jpg using Guid(d28f7a8a9b3dfff44bb6faf80929212b) Importer(815301076,1909f56bfc062723c751e8b465ee728b)  -> (artifact id: '8ef26d7c5d00d6d37cff68e3710193cc') in 0.011510 seconds 
========================================================================
Received Import Request.
  Time since last request: 1.813389 seconds.
  path: Assets/Editor/Vuforia/ImageTargetTextures/VuforiaMars_Images
  artifactKey: Guid(4ab1e2e72a52218429d2dc18bab3b618) Importer(815301076,1909f56bfc062723c751e8b465ee728b)
Start importing Assets/Editor/Vuforia/ImageTargetTextures/VuforiaMars_Images using Guid(4ab1e2e72a52218429d2dc18bab3b618) Importer(815301076,1909f56bfc062723c751e8b465ee728b)  -> (artifact id: '6fcdb644fdbe5db41ad7f86552cc47f2') in 0.001783 seconds 
========================================================================
Received Import Request.
  Time since last request: 0.076103 seconds.
  path: Assets/Editor/Vuforia/ImageTargetTextures/VuforiaMars_Images/Astronaut_scaled.jpg
  artifactKey: Guid(77fb44a366db5cb41b8c06649271f8e6) Importer(815301076,1909f56bfc062723c751e8b465ee728b)
Start importing Assets/Editor/Vuforia/ImageTargetTextures/VuforiaMars_Images/Astronaut_scaled.jpg using Guid(77fb44a366db5cb41b8c06649271f8e6) Importer(815301076,1909f56bfc062723c751e8b465ee728b)  -> (artifact id: 'e3c5ec3b861395eeb9f8b3689c845da8') in 0.012636 seconds 
========================================================================
Received Import Request.
  Time since last request: 0.000019 seconds.
  path: Assets/Editor/Vuforia/ImageTargetTextures/VuforiaMars_Images/MarsBox.Left_scaled.jpg
  artifactKey: Guid(4381073313ab7ea4f905979151a55156) Importer(815301076,1909f56bfc062723c751e8b465ee728b)
Start importing Assets/Editor/Vuforia/ImageTargetTextures/VuforiaMars_Images/MarsBox.Left_scaled.jpg using Guid(4381073313ab7ea4f905979151a55156) Importer(815301076,1909f56bfc062723c751e8b465ee728b)  -> (artifact id: 'e6c3d655255ded12b1e6f90375b3cf6a') in 0.013463 seconds 
========================================================================
Received Import Request.
  Time since last request: 0.000026 seconds.
  path: Assets/Editor/Vuforia/ImageTargetTextures/VuforiaMars_Images/MarsBox.Right_scaled.jpg
  artifactKey: Guid(a39240edce7bd3940867ccf14ba4270b) Importer(815301076,1909f56bfc062723c751e8b465ee728b)
Start importing Assets/Editor/Vuforia/ImageTargetTextures/VuforiaMars_Images/MarsBox.Right_scaled.jpg using Guid(a39240edce7bd3940867ccf14ba4270b) Importer(815301076,1909f56bfc062723c751e8b465ee728b)  -> (artifact id: 'b739964a1f6c36575e085027a05ec53b') in 0.011792 seconds 
========================================================================
Received Import Request.
  Time since last request: 0.000026 seconds.
  path: Assets/Editor/Vuforia/ImageTargetTextures/VuforiaMars_Images/MarsBox.Front_scaled.jpg
  artifactKey: Guid(d66032d25cff61c4585c2f395d4f6a3c) Importer(815301076,1909f56bfc062723c751e8b465ee728b)
Start importing Assets/Editor/Vuforia/ImageTargetTextures/VuforiaMars_Images/MarsBox.Front_scaled.jpg using Guid(d66032d25cff61c4585c2f395d4f6a3c) Importer(815301076,1909f56bfc062723c751e8b465ee728b)  -> (artifact id: 'b462a9d34cfe49ee53b7aa1a0249ed5d') in 0.013045 seconds 
========================================================================
Received Import Request.
  Time since last request: 0.000025 seconds.
  path: Assets/Editor/Vuforia/ImageTargetTextures/VuforiaMars_Images/Drone_scaled.jpg
  artifactKey: Guid(3b3cf30ab7479fc45a6362fc4cb5e995) Importer(815301076,1909f56bfc062723c751e8b465ee728b)
Start importing Assets/Editor/Vuforia/ImageTargetTextures/VuforiaMars_Images/Drone_scaled.jpg using Guid(3b3cf30ab7479fc45a6362fc4cb5e995) Importer(815301076,1909f56bfc062723c751e8b465ee728b)  -> (artifact id: '923c174c660648546d30eb1360070cef') in 0.013770 seconds 
========================================================================
Received Import Request.
  Time since last request: 0.000025 seconds.
  path: Assets/Editor/Vuforia/ImageTargetTextures/VuforiaMars_Images/Oxygen_scaled.jpg
  artifactKey: Guid(cc6daa766aade3b4cbaeeac788249a2e) Importer(815301076,1909f56bfc062723c751e8b465ee728b)
Start importing Assets/Editor/Vuforia/ImageTargetTextures/VuforiaMars_Images/Oxygen_scaled.jpg using Guid(cc6daa766aade3b4cbaeeac788249a2e) Importer(815301076,1909f56bfc062723c751e8b465ee728b)  -> (artifact id: '4228cea28fcb134dfe9dc2d5bffce4a6') in 0.015786 seconds 
========================================================================
Received Import Request.
  Time since last request: 0.000034 seconds.
  path: Assets/Editor/Vuforia/ImageTargetTextures/VuforiaMars_Images/MarsBox.Bottom_scaled.jpg
  artifactKey: Guid(33aedae9989557c4298ce94822d5745e) Importer(815301076,1909f56bfc062723c751e8b465ee728b)
Start importing Assets/Editor/Vuforia/ImageTargetTextures/VuforiaMars_Images/MarsBox.Bottom_scaled.jpg using Guid(33aedae9989557c4298ce94822d5745e) Importer(815301076,1909f56bfc062723c751e8b465ee728b)  -> (artifact id: 'd66f380031dc5d93e1b60d2722b8b1e0') in 0.015755 seconds 
========================================================================
Received Import Request.
  Time since last request: 0.000034 seconds.
  path: Assets/Editor/Vuforia/ImageTargetTextures/VuforiaMars_Images/MarsBox.Back_scaled.jpg
  artifactKey: Guid(cd759bcce9643934392e470cd9d0d179) Importer(815301076,1909f56bfc062723c751e8b465ee728b)
Start importing Assets/Editor/Vuforia/ImageTargetTextures/VuforiaMars_Images/MarsBox.Back_scaled.jpg using Guid(cd759bcce9643934392e470cd9d0d179) Importer(815301076,1909f56bfc062723c751e8b465ee728b)  -> (artifact id: '2ef359eead712f9df712b5e44799e338') in 0.011375 seconds 
========================================================================
Received Import Request.
  Time since last request: 0.000025 seconds.
  path: Assets/Editor/Vuforia/ImageTargetTextures/VuforiaMars_Images/MarsBox.Top_scaled.jpg
  artifactKey: Guid(2feb120d7f5872f499dfed51deb3d666) Importer(815301076,1909f56bfc062723c751e8b465ee728b)
Start importing Assets/Editor/Vuforia/ImageTargetTextures/VuforiaMars_Images/MarsBox.Top_scaled.jpg using Guid(2feb120d7f5872f499dfed51deb3d666) Importer(815301076,1909f56bfc062723c751e8b465ee728b)  -> (artifact id: 'a1c1359a826951b72593e295db37eadb') in 0.011648 seconds 
========================================================================
Received Import Request.
  Time since last request: 0.000024 seconds.
  path: Assets/Editor/Vuforia/ImageTargetTextures/VuforiaMars_Images/Fissure_scaled.jpg
  artifactKey: Guid(a35a2d04e4ca5f643a173fb3a98d5fd1) Importer(815301076,1909f56bfc062723c751e8b465ee728b)
Start importing Assets/Editor/Vuforia/ImageTargetTextures/VuforiaMars_Images/Fissure_scaled.jpg using Guid(a35a2d04e4ca5f643a173fb3a98d5fd1) Importer(815301076,1909f56bfc062723c751e8b465ee728b)  -> (artifact id: 'a43954ac0839c3e3dde40de1d4b5a67c') in 0.014683 seconds 
